<?xml version="1.0" encoding="UTF-8"?>
<testng-results ignored="0" total="1" passed="1" failed="0" skipped="0">
  <reporter-output>
  </reporter-output>
  <suite started-at="2026-01-15T10:04:27 IST" name="Default suite" finished-at="2026-01-15T10:04:27 IST" duration-ms="109">
    <groups>
    </groups>
    <test started-at="2026-01-15T10:04:27 IST" name="Default test" finished-at="2026-01-15T10:04:27 IST" duration-ms="109">
      <class name="demo.Practice">
        <test-method signature="m1()[pri:0, instance:demo.Practice@2a65fe7c]" started-at="2026-01-15T10:04:27 IST" name="m1" finished-at="2026-01-15T10:04:27 IST" duration-ms="18" status="PASS">
          <reporter-output>
          </reporter-output>
        </test-method> <!-- m1 -->
      </class> <!-- demo.Practice -->
    </test> <!-- Default test -->
  </suite> <!-- Default suite -->
</testng-results>
